libraries/opencv/build/outputs/logs/manifest-merger-debug-report.txt
-- Merging decision tree log ---
manifest
ADDED from libraries/opencv/AndroidManifest.xml:2:1-8:12
INJECTED from libraries/opencv/AndroidManifest.xml:2:1-8:12
INJECTED from libraries/opencv/AndroidManifest.xml:2:1-8:12
INJECTED from libraries/opencv/AndroidManifest.xml:2:1-8:12
INJECTED from libraries/opencv/AndroidManifest.xml:2:1-8:12
INJECTED from libraries/opencv/AndroidManifest.xml:2:1-8:12
INJECTED from libraries/opencv/AndroidManifest.xml:2:1-8:12
	package
		ADDED from libraries/opencv/AndroidManifest.xml:3:7-27
		INJECTED from libraries/opencv/AndroidManifest.xml
		INJECTED from libraries/opencv/AndroidManifest.xml
	android:versionName
		ADDED from libraries/opencv/AndroidManifest.xml:5:7-35
		INJECTED from libraries/opencv/AndroidManifest.xml
		INJECTED from libraries/opencv/AndroidManifest.xml
	xmlns:android
		ADDED from libraries/opencv/AndroidManifest.xml:2:11-69
	android:versionCode
		ADDED from libraries/opencv/AndroidManifest.xml:4:7-34
		INJECTED from libraries/opencv/AndroidManifest.xml
		INJECTED from libraries/opencv/AndroidManifest.xml
uses-sdk
ADDED from libraries/opencv/AndroidManifest.xml:7:5-44
INJECTED from libraries/opencv/AndroidManifest.xml:7:5-44
INJECTED from libraries/opencv/AndroidManifest.xml:7:5-44
INJECTED from libraries/opencv/AndroidManifest.xml:7:5-44
INJECTED from libraries/opencv/AndroidManifest.xml:7:5-44
	android:targetSdkVersion
		INJECTED from libraries/opencv/AndroidManifest.xml
		ADDED from libraries/opencv/AndroidManifest.xml:7:5-44
		INJECTED from libraries/opencv/AndroidManifest.xml
	android:minSdkVersion
		ADDED from libraries/opencv/AndroidManifest.xml:7:15-41
		INJECTED from libraries/opencv/AndroidManifest.xml
		INJECTED from libraries/opencv/AndroidManifest.xml